


ARM Macro Assembler    Page 1 


    1 00000000         ;*******************************************************
                       ********************************************************
                       ***************************
    2 00000000         ; 文件名称: startup_SWM182.s
    3 00000000         ; 功能说明: SWM182单片机的启动文件
    4 00000000         ; 技术支持: http://www.synwit.com.cn/e/tool/gbook/?bid=1
                       
    5 00000000         ; 注意事项:
    6 00000000         ; 版本日期: V1.0.0  2016年1月30日
    7 00000000         ; 升级记录:
    8 00000000         ;
    9 00000000         ;
   10 00000000         ;*******************************************************
                       ********************************************************
                       ***************************
   11 00000000         ; @attention
   12 00000000         ;
   13 00000000         ; THE PRESENT FIRMWARE WHICH IS FOR GUIDANCE ONLY AIMS A
                       T PROVIDING CUSTOMERS WITH CODING INFORMATION
   14 00000000         ; REGARDING THEIR PRODUCTS IN ORDER FOR THEM TO SAVE TIM
                       E. AS A RESULT, SYNWIT SHALL NOT BE HELD LIABLE
   15 00000000         ; FOR ANY DIRECT, INDIRECT OR CONSEQUENTIAL DAMAGES WITH
                        RESPECT TO ANY CLAIMS ARISING FROM THE CONTENT
   16 00000000         ; OF SUCH FIRMWARE AND/OR THE USE MADE BY CUSTOMERS OF T
                       HE CODING INFORMATION CONTAINED HEREIN IN CONN-
   17 00000000         ; -ECTION WITH THEIR PRODUCTS.
   18 00000000         ;
   19 00000000         ; COPYRIGHT 2012 Synwit Technology
   20 00000000         ;*******************************************************
                       ********************************************************
                       ***************************
   21 00000000         
   22 00000000         
   23 00000000         ; Memory Size Config
   24 00000000         ;     Cache Code Memory     Data Memory
   25 00000000         ; 0  On     120k    20k
   26 00000000         ; 2     Off   32k     4k
   27 00000000 00000002 
                       MEM_CONFIG
                               EQU              2
   28 00000000         
   29 00000000         
   30 00000000         ; Amount of memory (in bytes) allocated for Stack
   31 00000000 00000400 
                       Stack_Size
                               EQU              0x00000400
   32 00000000         
   33 00000000                 AREA             STACK, NOINIT, READWRITE, ALIGN
=3
   34 00000000         Stack_Mem
                               SPACE            Stack_Size
   35 00000400         __initial_sp
   36 00000400         
   37 00000400         
   38 00000400         ; Amount of memory (in bytes) allocated for Heap
   39 00000400 00000000 
                       Heap_Size
                               EQU              0x00000000
   40 00000400         



ARM Macro Assembler    Page 2 


   41 00000400                 AREA             HEAP, NOINIT, READWRITE, ALIGN=
3
   42 00000000         __heap_base
   43 00000000         Heap_Mem
                               SPACE            Heap_Size
   44 00000000         __heap_limit
   45 00000000         
   46 00000000         
   47 00000000                 PRESERVE8
   48 00000000                 THUMB
   49 00000000         
   50 00000000         ; Vector Table Mapped to Address 0 at Reset
   51 00000000                 AREA             RESET, DATA, READONLY
   52 00000000                 EXPORT           __Vectors
   53 00000000                 EXPORT           __Vectors_End
   54 00000000                 EXPORT           __Vectors_Size
   55 00000000         
   56 00000000 00000000 
                       __Vectors
                               DCD              __initial_sp ; Top of Stack
   57 00000004 00000000        DCD              Reset_Handler ; Reset Handler
   58 00000008 00000000        DCD              NMI_Handler ; NMI Handler
   59 0000000C 00000000        DCD              HardFault_Handler ; Hard Fault 
                                                            Handler
   60 00000010 00000000        DCD              0           ; Reserved
   61 00000014 00000000        DCD              0           ; Reserved
   62 00000018 00000000        DCD              0           ; Reserved
   63 0000001C 00000000        DCD              0           ; Reserved
   64 00000020 00000000        DCD              0           ; Reserved
   65 00000024 00000000        DCD              0           ; Reserved
   66 00000028 00000002        DCD              MEM_CONFIG
   67 0000002C 00000000        DCD              SVC_Handler ; SVCall Handler
   68 00000030 00000000        DCD              0           ; Reserved
   69 00000034 00000000        DCD              0           ; Reserved
   70 00000038 00000000        DCD              PendSV_Handler ; PendSV Handler
                                                            
   71 0000003C 00000000        DCD              SysTick_Handler 
                                                            ; SysTick Handler
   72 00000040         
   73 00000040         ; External Interrupts
   74 00000040 00000000        DCD              GPIOA_Handler
   75 00000044 00000000        DCD              GPIOA0_Handler
   76 00000048 00000000        DCD              UART0_Handler
   77 0000004C 00000000        DCD              UART1_Handler
   78 00000050 00000000        DCD              SPI0_Handler
   79 00000054 00000000        DCD              TIMR0_Handler
   80 00000058 00000000        DCD              DMA_Handler
   81 0000005C 00000000        DCD              PWM0_Handler
   82 00000060 00000000        DCD              BTIMR0_Handler
   83 00000064 00000000        DCD              BTIMR3_Handler
   84 00000068 00000000        DCD              TIMR1_Handler
   85 0000006C 00000000        DCD              WDT_Handler
   86 00000070 00000000        DCD              GPIOA4_Handler
   87 00000074 00000000        DCD              I2C0_Handler
   88 00000078 00000000        DCD              GPIOA5_Handler
   89 0000007C 00000000        DCD              BTIMR2_Handler
   90 00000080 00000000        DCD              GPIOC_CORDIC_Handler
   91 00000084 00000000        DCD              SPI1_BTIMR1_Handler
   92 00000088 00000000        DCD              GPIOB_BOD_Handler



ARM Macro Assembler    Page 3 


   93 0000008C 00000000        DCD              GPIOC4_ADC0_Handler
   94 00000090 00000000        DCD              GPIOD_RTC_Handler
   95 00000094 00000000        DCD              XTAL_ACMP_Handler
   96 00000098 00000000        DCD              UART2_GPIOB4_Handler
   97 0000009C 00000000        DCD              TIMR2_GPIOA15_Handler
   98 000000A0 00000000        DCD              TIMR3_HALL_Handler
   99 000000A4 00000000        DCD              GPIOC5_I2C1_Handler
  100 000000A8 00000000        DCD              PWM1_GPIOB6_Handler
  101 000000AC 00000000        DCD              UART3_GPIOB5_Handler
  102 000000B0 00000000        DCD              PWM2_SFC_Handler
  103 000000B4 00000000        DCD              PWM3_CACHE_Handler
  104 000000B8 00000000        DCD              ADC1_GPIOA14_Handler
  105 000000BC 00000000        DCD              GPIOE_PWMHALT_Handler
  106 000000C0         
  107 000000C0         ; Switch QUAL
  108 000000C0 681823F8        DCD              0x681823f8
  109 000000C4 07C96881        DCD              0x07c96881
  110 000000C8 2101D1FC        DCD              0x2101d1fc
  111 000000CC 31260309        DCD              0x31260309
  112 000000D0 21016001        DCD              0x21016001
  113 000000D4 024A6241        DCD              0x024a6241
  114 000000D8 614161C2        DCD              0x614161c2
  115 000000DC 07C96941        DCD              0x07c96941
  116 000000E0 2141D1FC        DCD              0x2141d1fc
  117 000000E4 60010149        DCD              0x60010149
  118 000000E8 6202685A        DCD              0x6202685A
  119 000000EC 02C92101        DCD              0x02c92101
  120 000000F0 47706001        DCD              0x47706001
  121 000000F4 00000000        DCD              0x00000000
  122 000000F8 4004A000        DCD              0x4004a000
  123 000000FC EB050206        DCD              0xeb050206
  124 00000100         
  125 00000100         __Vectors_End
  126 00000100         
  127 00000100 00000100 
                       __Vectors_Size
                               EQU              __Vectors_End - __Vectors
  128 00000100         
  129 00000100         
  130 00000100         
  131 00000100                 AREA             |.text|, CODE, READONLY
  132 00000000         
  133 00000000         Reset_Handler
                               PROC
  134 00000000                 EXPORT           Reset_Handler          [WEAK]
  135 00000000                 IMPORT           __main
  136 00000000 2040            MOVS             R0, #0x40   ; 0x4000008C
  137 00000002 0600            LSLS             R0, R0, #24
  138 00000004 308C            ADDS             R0, R0, #0x8C
  139 00000006 6801            LDR              R1, [R0, #0]
  140 00000008 2085            MOVS             R0, #0x85   ; 0x854012
  141 0000000A 0200            LSLS             R0, R0, #8
  142 0000000C 3040            ADDS             R0, R0, #0x40
  143 0000000E 0200            LSLS             R0, R0, #8
  144 00000010 3012            ADDS             R0, R0, #0x12
  145 00000012 4288            CMP              R0, R1
  146 00000014 D10D            BNE              qspi_done
  147 00000016 2040            MOVS             R0, #0x40   ; 0x4004A000
  148 00000018 0200            LSLS             R0, R0, #8



ARM Macro Assembler    Page 4 


  149 0000001A 1D00            ADDS             R0, R0, #0x04
  150 0000001C 0200            LSLS             R0, R0, #8
  151 0000001E 30A0            ADDS             R0, R0, #0xA0
  152 00000020 0200            LSLS             R0, R0, #8
  153 00000022 6801            LDR              R1, [R0, #0]
  154 00000024 0A88            LSRS             R0, R1, #10
  155 00000026 2103            MOVS             R1, #3
  156 00000028 4008            ANDS             R0, R0, R1
  157 0000002A 2802            CMP              R0, #2
  158 0000002C D001            BEQ              qspi_done
  159 0000002E 20C1            MOVS             R0, #0xC1
  160 00000030 4780            BLX              R0
  161 00000032         qspi_done
  162 00000032 4813            LDR              R0, =__main
  163 00000034 4700            BX               R0
  164 00000036         
  165 00000036                 ENDP
  166 00000036         
  167 00000036         
  168 00000036         ; Dummy Exception Handlers (infinite loops which can be 
                       modified)
  169 00000036         
  170 00000036         NMI_Handler
                               PROC
  171 00000036                 EXPORT           NMI_Handler             [WEAK]
  172 00000036 E7FE            B                .
  173 00000038                 ENDP
  174 00000038         
  175 00000038         HardFault_Handler
                               PROC
  176 00000038                 EXPORT           HardFault_Handler       [WEAK]
  177 00000038 E7FE            B                .
  178 0000003A                 ENDP
  179 0000003A         
  180 0000003A         SVC_Handler
                               PROC
  181 0000003A                 EXPORT           SVC_Handler             [WEAK]
  182 0000003A E7FE            B                .
  183 0000003C                 ENDP
  184 0000003C         
  185 0000003C         PendSV_Handler
                               PROC
  186 0000003C                 EXPORT           PendSV_Handler          [WEAK]
  187 0000003C E7FE            B                .
  188 0000003E                 ENDP
  189 0000003E         
  190 0000003E         SysTick_Handler
                               PROC
  191 0000003E                 EXPORT           SysTick_Handler         [WEAK]
  192 0000003E E7FE            B                .
  193 00000040                 ENDP
  194 00000040         
  195 00000040         GPIOA_Handler
                               PROC
  196 00000040                 EXPORT           GPIOA_Handler           [WEAK]
  197 00000040 E7FE            B                .
  198 00000042                 ENDP
  199 00000042         
  200 00000042         GPIOA0_Handler



ARM Macro Assembler    Page 5 


                               PROC
  201 00000042                 EXPORT           GPIOA0_Handler          [WEAK]
  202 00000042 E7FE            B                .
  203 00000044                 ENDP
  204 00000044         
  205 00000044         UART0_Handler
                               PROC
  206 00000044                 EXPORT           UART0_Handler           [WEAK]
  207 00000044 E7FE            B                .
  208 00000046                 ENDP
  209 00000046         
  210 00000046         UART1_Handler
                               PROC
  211 00000046                 EXPORT           UART1_Handler           [WEAK]
  212 00000046 E7FE            B                .
  213 00000048                 ENDP
  214 00000048         
  215 00000048         SPI0_Handler
                               PROC
  216 00000048                 EXPORT           SPI0_Handler            [WEAK]
  217 00000048 E7FE            B                .
  218 0000004A                 ENDP
  219 0000004A         
  220 0000004A         TIMR0_Handler
                               PROC
  221 0000004A                 EXPORT           TIMR0_Handler           [WEAK]
  222 0000004A E7FE            B                .
  223 0000004C                 ENDP
  224 0000004C         
  225 0000004C         DMA_Handler
                               PROC
  226 0000004C                 EXPORT           DMA_Handler             [WEAK]
  227 0000004C E7FE            B                .
  228 0000004E                 ENDP
  229 0000004E         
  230 0000004E         PWM0_Handler
                               PROC
  231 0000004E                 EXPORT           PWM0_Handler            [WEAK]
  232 0000004E E7FE            B                .
  233 00000050                 ENDP
  234 00000050         
  235 00000050         BTIMR0_Handler
                               PROC
  236 00000050                 EXPORT           BTIMR0_Handler          [WEAK]
  237 00000050 E7FE            B                .
  238 00000052                 ENDP
  239 00000052         
  240 00000052         BTIMR3_Handler
                               PROC
  241 00000052                 EXPORT           BTIMR3_Handler          [WEAK]
  242 00000052 E7FE            B                .
  243 00000054                 ENDP
  244 00000054         
  245 00000054         TIMR1_Handler
                               PROC
  246 00000054                 EXPORT           TIMR1_Handler           [WEAK]
  247 00000054 E7FE            B                .
  248 00000056                 ENDP
  249 00000056         



ARM Macro Assembler    Page 6 


  250 00000056         WDT_Handler
                               PROC
  251 00000056                 EXPORT           WDT_Handler             [WEAK]
  252 00000056 E7FE            B                .
  253 00000058                 ENDP
  254 00000058         
  255 00000058         GPIOA4_Handler
                               PROC
  256 00000058                 EXPORT           GPIOA4_Handler          [WEAK]
  257 00000058 E7FE            B                .
  258 0000005A                 ENDP
  259 0000005A         
  260 0000005A         I2C0_Handler
                               PROC
  261 0000005A                 EXPORT           I2C0_Handler            [WEAK]
  262 0000005A E7FE            B                .
  263 0000005C                 ENDP
  264 0000005C         
  265 0000005C         GPIOA5_Handler
                               PROC
  266 0000005C                 EXPORT           GPIOA5_Handler          [WEAK]
  267 0000005C E7FE            B                .
  268 0000005E                 ENDP
  269 0000005E         
  270 0000005E         BTIMR2_Handler
                               PROC
  271 0000005E                 EXPORT           BTIMR2_Handler          [WEAK]
  272 0000005E E7FE            B                .
  273 00000060                 ENDP
  274 00000060         
  275 00000060         GPIOC_CORDIC_Handler
                               PROC
  276 00000060                 EXPORT           GPIOC_CORDIC_Handler    [WEAK]
  277 00000060 E7FE            B                .
  278 00000062                 ENDP
  279 00000062         
  280 00000062         SPI1_BTIMR1_Handler
                               PROC
  281 00000062                 EXPORT           SPI1_BTIMR1_Handler     [WEAK]
  282 00000062 E7FE            B                .
  283 00000064                 ENDP
  284 00000064         
  285 00000064         GPIOB_BOD_Handler
                               PROC
  286 00000064                 EXPORT           GPIOB_BOD_Handler       [WEAK]
  287 00000064 E7FE            B                .
  288 00000066                 ENDP
  289 00000066         
  290 00000066         GPIOC4_ADC0_Handler
                               PROC
  291 00000066                 EXPORT           GPIOC4_ADC0_Handler     [WEAK]
  292 00000066 E7FE            B                .
  293 00000068                 ENDP
  294 00000068         
  295 00000068         GPIOD_RTC_Handler
                               PROC
  296 00000068                 EXPORT           GPIOD_RTC_Handler       [WEAK]
  297 00000068 E7FE            B                .
  298 0000006A                 ENDP



ARM Macro Assembler    Page 7 


  299 0000006A         
  300 0000006A         XTAL_ACMP_Handler
                               PROC
  301 0000006A                 EXPORT           XTAL_ACMP_Handler        [WEAK]
  302 0000006A E7FE            B                .
  303 0000006C                 ENDP
  304 0000006C         
  305 0000006C         UART2_GPIOB4_Handler
                               PROC
  306 0000006C                 EXPORT           UART2_GPIOB4_Handler    [WEAK]
  307 0000006C E7FE            B                .
  308 0000006E                 ENDP
  309 0000006E         
  310 0000006E         TIMR2_GPIOA15_Handler
                               PROC
  311 0000006E                 EXPORT           TIMR2_GPIOA15_Handler   [WEAK]
  312 0000006E E7FE            B                .
  313 00000070                 ENDP
  314 00000070         
  315 00000070         TIMR3_HALL_Handler
                               PROC
  316 00000070                 EXPORT           TIMR3_HALL_Handler      [WEAK]
  317 00000070 E7FE            B                .
  318 00000072                 ENDP
  319 00000072         
  320 00000072         GPIOC5_I2C1_Handler
                               PROC
  321 00000072                 EXPORT           GPIOC5_I2C1_Handler     [WEAK]
  322 00000072 E7FE            B                .
  323 00000074                 ENDP
  324 00000074         
  325 00000074         PWM1_GPIOB6_Handler
                               PROC
  326 00000074                 EXPORT           PWM1_GPIOB6_Handler     [WEAK]
  327 00000074 E7FE            B                .
  328 00000076                 ENDP
  329 00000076         
  330 00000076         UART3_GPIOB5_Handler
                               PROC
  331 00000076                 EXPORT           UART3_GPIOB5_Handler    [WEAK]
  332 00000076 E7FE            B                .
  333 00000078                 ENDP
  334 00000078         
  335 00000078         PWM2_SFC_Handler
                               PROC
  336 00000078                 EXPORT           PWM2_SFC_Handler      [WEAK]
  337 00000078 E7FE            B                .
  338 0000007A                 ENDP
  339 0000007A         
  340 0000007A         PWM3_CACHE_Handler
                               PROC
  341 0000007A                 EXPORT           PWM3_CACHE_Handler      [WEAK]
  342 0000007A E7FE            B                .
  343 0000007C                 ENDP
  344 0000007C         
  345 0000007C         ADC1_GPIOA14_Handler
                               PROC
  346 0000007C                 EXPORT           ADC1_GPIOA14_Handler    [WEAK]
  347 0000007C E7FE            B                .



ARM Macro Assembler    Page 8 


  348 0000007E                 ENDP
  349 0000007E         
  350 0000007E         GPIOE_PWMHALT_Handler
                               PROC
  351 0000007E                 EXPORT           GPIOE_PWMHALT_Handler   [WEAK]
  352 0000007E E7FE            B                .
  353 00000080                 ENDP
  354 00000080         
  355 00000080                 ALIGN
  356 00000080         
  357 00000080         
  358 00000080         ;*******************************************************
                       ************************
  359 00000080         ; User Stack and Heap initialization
  360 00000080         ;*******************************************************
                       ************************
  361 00000080                 IF               :DEF:__MICROLIB
  362 00000080         
  363 00000080                 EXPORT           __initial_sp
  364 00000080                 EXPORT           __heap_base
  365 00000080                 EXPORT           __heap_limit
  366 00000080         
  367 00000080                 ELSE
  382                          ENDIF
  383 00000080         
  384 00000080                 END
              00000000 
Command Line: --debug --xref --diag_suppress=9931 --cpu=Cortex-M0 --apcs=interw
ork --depend=.\out\startup_swm190.d -o.\out\startup_swm190.o -I.\RTE\_SWM190 -I
C:\Users\xueji\AppData\Local\Arm\Packs\ARM\CMSIS\5.7.0\CMSIS\Core\Include -IC:\
Users\xueji\AppData\Local\Arm\Packs\Synwit\SWM32_DFP\1.8.4\CSL\SWM190\CMSIS\Dev
iceSupport --predefine="__MICROLIB SETA 1" --predefine="__UVISION_VERSION SETA 
533" --predefine="_RTE_ SETA 1" --predefine="_RTE_ SETA 1" --list=.\out\startup
_swm190.lst ..\..\SWM190_StdPeriph_Driver\CSL\CMSIS\DeviceSupport\startup\arm\s
tartup_SWM190.s



ARM Macro Assembler    Page 1 Alphabetic symbol ordering
Relocatable symbols

STACK 00000000

Symbol: STACK
   Definitions
      At line 33 in file ..\..\SWM190_StdPeriph_Driver\CSL\CMSIS\DeviceSupport\
startup\arm\startup_SWM190.s
   Uses
      None
Comment: STACK unused
Stack_Mem 00000000

Symbol: Stack_Mem
   Definitions
      At line 34 in file ..\..\SWM190_StdPeriph_Driver\CSL\CMSIS\DeviceSupport\
startup\arm\startup_SWM190.s
   Uses
      None
Comment: Stack_Mem unused
__initial_sp 00000400

Symbol: __initial_sp
   Definitions
      At line 35 in file ..\..\SWM190_StdPeriph_Driver\CSL\CMSIS\DeviceSupport\
startup\arm\startup_SWM190.s
   Uses
      At line 56 in file ..\..\SWM190_StdPeriph_Driver\CSL\CMSIS\DeviceSupport\
startup\arm\startup_SWM190.s
      At line 363 in file ..\..\SWM190_StdPeriph_Driver\CSL\CMSIS\DeviceSupport
\startup\arm\startup_SWM190.s

3 symbols



ARM Macro Assembler    Page 1 Alphabetic symbol ordering
Relocatable symbols

HEAP 00000000

Symbol: HEAP
   Definitions
      At line 41 in file ..\..\SWM190_StdPeriph_Driver\CSL\CMSIS\DeviceSupport\
startup\arm\startup_SWM190.s
   Uses
      None
Comment: HEAP unused
Heap_Mem 00000000

Symbol: Heap_Mem
   Definitions
      At line 43 in file ..\..\SWM190_StdPeriph_Driver\CSL\CMSIS\DeviceSupport\
startup\arm\startup_SWM190.s
   Uses
      None
Comment: Heap_Mem unused
__heap_base 00000000

Symbol: __heap_base
   Definitions
      At line 42 in file ..\..\SWM190_StdPeriph_Driver\CSL\CMSIS\DeviceSupport\
startup\arm\startup_SWM190.s
   Uses
      At line 364 in file ..\..\SWM190_StdPeriph_Driver\CSL\CMSIS\DeviceSupport
\startup\arm\startup_SWM190.s
Comment: __heap_base used once
__heap_limit 00000000

Symbol: __heap_limit
   Definitions
      At line 44 in file ..\..\SWM190_StdPeriph_Driver\CSL\CMSIS\DeviceSupport\
startup\arm\startup_SWM190.s
   Uses
      At line 365 in file ..\..\SWM190_StdPeriph_Driver\CSL\CMSIS\DeviceSupport
\startup\arm\startup_SWM190.s
Comment: __heap_limit used once
4 symbols



ARM Macro Assembler    Page 1 Alphabetic symbol ordering
Relocatable symbols

RESET 00000000

Symbol: RESET
   Definitions
      At line 51 in file ..\..\SWM190_StdPeriph_Driver\CSL\CMSIS\DeviceSupport\
startup\arm\startup_SWM190.s
   Uses
      None
Comment: RESET unused
__Vectors 00000000

Symbol: __Vectors
   Definitions
      At line 56 in file ..\..\SWM190_StdPeriph_Driver\CSL\CMSIS\DeviceSupport\
startup\arm\startup_SWM190.s
   Uses
      At line 52 in file ..\..\SWM190_StdPeriph_Driver\CSL\CMSIS\DeviceSupport\
startup\arm\startup_SWM190.s
      At line 127 in file ..\..\SWM190_StdPeriph_Driver\CSL\CMSIS\DeviceSupport
\startup\arm\startup_SWM190.s

__Vectors_End 00000100

Symbol: __Vectors_End
   Definitions
      At line 125 in file ..\..\SWM190_StdPeriph_Driver\CSL\CMSIS\DeviceSupport
\startup\arm\startup_SWM190.s
   Uses
      At line 53 in file ..\..\SWM190_StdPeriph_Driver\CSL\CMSIS\DeviceSupport\
startup\arm\startup_SWM190.s
      At line 127 in file ..\..\SWM190_StdPeriph_Driver\CSL\CMSIS\DeviceSupport
\startup\arm\startup_SWM190.s

3 symbols



ARM Macro Assembler    Page 1 Alphabetic symbol ordering
Relocatable symbols

.text 00000000

Symbol: .text
   Definitions
      At line 131 in file ..\..\SWM190_StdPeriph_Driver\CSL\CMSIS\DeviceSupport
\startup\arm\startup_SWM190.s
   Uses
      None
Comment: .text unused
ADC1_GPIOA14_Handler 0000007C

Symbol: ADC1_GPIOA14_Handler
   Definitions
      At line 345 in file ..\..\SWM190_StdPeriph_Driver\CSL\CMSIS\DeviceSupport
\startup\arm\startup_SWM190.s
   Uses
      At line 104 in file ..\..\SWM190_StdPeriph_Driver\CSL\CMSIS\DeviceSupport
\startup\arm\startup_SWM190.s
      At line 346 in file ..\..\SWM190_StdPeriph_Driver\CSL\CMSIS\DeviceSupport
\startup\arm\startup_SWM190.s

BTIMR0_Handler 00000050

Symbol: BTIMR0_Handler
   Definitions
      At line 235 in file ..\..\SWM190_StdPeriph_Driver\CSL\CMSIS\DeviceSupport
\startup\arm\startup_SWM190.s
   Uses
      At line 82 in file ..\..\SWM190_StdPeriph_Driver\CSL\CMSIS\DeviceSupport\
startup\arm\startup_SWM190.s
      At line 236 in file ..\..\SWM190_StdPeriph_Driver\CSL\CMSIS\DeviceSupport
\startup\arm\startup_SWM190.s

BTIMR2_Handler 0000005E

Symbol: BTIMR2_Handler
   Definitions
      At line 270 in file ..\..\SWM190_StdPeriph_Driver\CSL\CMSIS\DeviceSupport
\startup\arm\startup_SWM190.s
   Uses
      At line 89 in file ..\..\SWM190_StdPeriph_Driver\CSL\CMSIS\DeviceSupport\
startup\arm\startup_SWM190.s
      At line 271 in file ..\..\SWM190_StdPeriph_Driver\CSL\CMSIS\DeviceSupport
\startup\arm\startup_SWM190.s

BTIMR3_Handler 00000052

Symbol: BTIMR3_Handler
   Definitions
      At line 240 in file ..\..\SWM190_StdPeriph_Driver\CSL\CMSIS\DeviceSupport
\startup\arm\startup_SWM190.s
   Uses
      At line 83 in file ..\..\SWM190_StdPeriph_Driver\CSL\CMSIS\DeviceSupport\
startup\arm\startup_SWM190.s
      At line 241 in file ..\..\SWM190_StdPeriph_Driver\CSL\CMSIS\DeviceSupport
\startup\arm\startup_SWM190.s

DMA_Handler 0000004C




ARM Macro Assembler    Page 2 Alphabetic symbol ordering
Relocatable symbols

Symbol: DMA_Handler
   Definitions
      At line 225 in file ..\..\SWM190_StdPeriph_Driver\CSL\CMSIS\DeviceSupport
\startup\arm\startup_SWM190.s
   Uses
      At line 80 in file ..\..\SWM190_StdPeriph_Driver\CSL\CMSIS\DeviceSupport\
startup\arm\startup_SWM190.s
      At line 226 in file ..\..\SWM190_StdPeriph_Driver\CSL\CMSIS\DeviceSupport
\startup\arm\startup_SWM190.s

GPIOA0_Handler 00000042

Symbol: GPIOA0_Handler
   Definitions
      At line 200 in file ..\..\SWM190_StdPeriph_Driver\CSL\CMSIS\DeviceSupport
\startup\arm\startup_SWM190.s
   Uses
      At line 75 in file ..\..\SWM190_StdPeriph_Driver\CSL\CMSIS\DeviceSupport\
startup\arm\startup_SWM190.s
      At line 201 in file ..\..\SWM190_StdPeriph_Driver\CSL\CMSIS\DeviceSupport
\startup\arm\startup_SWM190.s

GPIOA4_Handler 00000058

Symbol: GPIOA4_Handler
   Definitions
      At line 255 in file ..\..\SWM190_StdPeriph_Driver\CSL\CMSIS\DeviceSupport
\startup\arm\startup_SWM190.s
   Uses
      At line 86 in file ..\..\SWM190_StdPeriph_Driver\CSL\CMSIS\DeviceSupport\
startup\arm\startup_SWM190.s
      At line 256 in file ..\..\SWM190_StdPeriph_Driver\CSL\CMSIS\DeviceSupport
\startup\arm\startup_SWM190.s

GPIOA5_Handler 0000005C

Symbol: GPIOA5_Handler
   Definitions
      At line 265 in file ..\..\SWM190_StdPeriph_Driver\CSL\CMSIS\DeviceSupport
\startup\arm\startup_SWM190.s
   Uses
      At line 88 in file ..\..\SWM190_StdPeriph_Driver\CSL\CMSIS\DeviceSupport\
startup\arm\startup_SWM190.s
      At line 266 in file ..\..\SWM190_StdPeriph_Driver\CSL\CMSIS\DeviceSupport
\startup\arm\startup_SWM190.s

GPIOA_Handler 00000040

Symbol: GPIOA_Handler
   Definitions
      At line 195 in file ..\..\SWM190_StdPeriph_Driver\CSL\CMSIS\DeviceSupport
\startup\arm\startup_SWM190.s
   Uses
      At line 74 in file ..\..\SWM190_StdPeriph_Driver\CSL\CMSIS\DeviceSupport\
startup\arm\startup_SWM190.s
      At line 196 in file ..\..\SWM190_StdPeriph_Driver\CSL\CMSIS\DeviceSupport
\startup\arm\startup_SWM190.s

GPIOB_BOD_Handler 00000064



ARM Macro Assembler    Page 3 Alphabetic symbol ordering
Relocatable symbols


Symbol: GPIOB_BOD_Handler
   Definitions
      At line 285 in file ..\..\SWM190_StdPeriph_Driver\CSL\CMSIS\DeviceSupport
\startup\arm\startup_SWM190.s
   Uses
      At line 92 in file ..\..\SWM190_StdPeriph_Driver\CSL\CMSIS\DeviceSupport\
startup\arm\startup_SWM190.s
      At line 286 in file ..\..\SWM190_StdPeriph_Driver\CSL\CMSIS\DeviceSupport
\startup\arm\startup_SWM190.s

GPIOC4_ADC0_Handler 00000066

Symbol: GPIOC4_ADC0_Handler
   Definitions
      At line 290 in file ..\..\SWM190_StdPeriph_Driver\CSL\CMSIS\DeviceSupport
\startup\arm\startup_SWM190.s
   Uses
      At line 93 in file ..\..\SWM190_StdPeriph_Driver\CSL\CMSIS\DeviceSupport\
startup\arm\startup_SWM190.s
      At line 291 in file ..\..\SWM190_StdPeriph_Driver\CSL\CMSIS\DeviceSupport
\startup\arm\startup_SWM190.s

GPIOC5_I2C1_Handler 00000072

Symbol: GPIOC5_I2C1_Handler
   Definitions
      At line 320 in file ..\..\SWM190_StdPeriph_Driver\CSL\CMSIS\DeviceSupport
\startup\arm\startup_SWM190.s
   Uses
      At line 99 in file ..\..\SWM190_StdPeriph_Driver\CSL\CMSIS\DeviceSupport\
startup\arm\startup_SWM190.s
      At line 321 in file ..\..\SWM190_StdPeriph_Driver\CSL\CMSIS\DeviceSupport
\startup\arm\startup_SWM190.s

GPIOC_CORDIC_Handler 00000060

Symbol: GPIOC_CORDIC_Handler
   Definitions
      At line 275 in file ..\..\SWM190_StdPeriph_Driver\CSL\CMSIS\DeviceSupport
\startup\arm\startup_SWM190.s
   Uses
      At line 90 in file ..\..\SWM190_StdPeriph_Driver\CSL\CMSIS\DeviceSupport\
startup\arm\startup_SWM190.s
      At line 276 in file ..\..\SWM190_StdPeriph_Driver\CSL\CMSIS\DeviceSupport
\startup\arm\startup_SWM190.s

GPIOD_RTC_Handler 00000068

Symbol: GPIOD_RTC_Handler
   Definitions
      At line 295 in file ..\..\SWM190_StdPeriph_Driver\CSL\CMSIS\DeviceSupport
\startup\arm\startup_SWM190.s
   Uses
      At line 94 in file ..\..\SWM190_StdPeriph_Driver\CSL\CMSIS\DeviceSupport\
startup\arm\startup_SWM190.s
      At line 296 in file ..\..\SWM190_StdPeriph_Driver\CSL\CMSIS\DeviceSupport
\startup\arm\startup_SWM190.s




ARM Macro Assembler    Page 4 Alphabetic symbol ordering
Relocatable symbols

GPIOE_PWMHALT_Handler 0000007E

Symbol: GPIOE_PWMHALT_Handler
   Definitions
      At line 350 in file ..\..\SWM190_StdPeriph_Driver\CSL\CMSIS\DeviceSupport
\startup\arm\startup_SWM190.s
   Uses
      At line 105 in file ..\..\SWM190_StdPeriph_Driver\CSL\CMSIS\DeviceSupport
\startup\arm\startup_SWM190.s
      At line 351 in file ..\..\SWM190_StdPeriph_Driver\CSL\CMSIS\DeviceSupport
\startup\arm\startup_SWM190.s

HardFault_Handler 00000038

Symbol: HardFault_Handler
   Definitions
      At line 175 in file ..\..\SWM190_StdPeriph_Driver\CSL\CMSIS\DeviceSupport
\startup\arm\startup_SWM190.s
   Uses
      At line 59 in file ..\..\SWM190_StdPeriph_Driver\CSL\CMSIS\DeviceSupport\
startup\arm\startup_SWM190.s
      At line 176 in file ..\..\SWM190_StdPeriph_Driver\CSL\CMSIS\DeviceSupport
\startup\arm\startup_SWM190.s

I2C0_Handler 0000005A

Symbol: I2C0_Handler
   Definitions
      At line 260 in file ..\..\SWM190_StdPeriph_Driver\CSL\CMSIS\DeviceSupport
\startup\arm\startup_SWM190.s
   Uses
      At line 87 in file ..\..\SWM190_StdPeriph_Driver\CSL\CMSIS\DeviceSupport\
startup\arm\startup_SWM190.s
      At line 261 in file ..\..\SWM190_StdPeriph_Driver\CSL\CMSIS\DeviceSupport
\startup\arm\startup_SWM190.s

NMI_Handler 00000036

Symbol: NMI_Handler
   Definitions
      At line 170 in file ..\..\SWM190_StdPeriph_Driver\CSL\CMSIS\DeviceSupport
\startup\arm\startup_SWM190.s
   Uses
      At line 58 in file ..\..\SWM190_StdPeriph_Driver\CSL\CMSIS\DeviceSupport\
startup\arm\startup_SWM190.s
      At line 171 in file ..\..\SWM190_StdPeriph_Driver\CSL\CMSIS\DeviceSupport
\startup\arm\startup_SWM190.s

PWM0_Handler 0000004E

Symbol: PWM0_Handler
   Definitions
      At line 230 in file ..\..\SWM190_StdPeriph_Driver\CSL\CMSIS\DeviceSupport
\startup\arm\startup_SWM190.s
   Uses
      At line 81 in file ..\..\SWM190_StdPeriph_Driver\CSL\CMSIS\DeviceSupport\
startup\arm\startup_SWM190.s
      At line 231 in file ..\..\SWM190_StdPeriph_Driver\CSL\CMSIS\DeviceSupport
\startup\arm\startup_SWM190.s



ARM Macro Assembler    Page 5 Alphabetic symbol ordering
Relocatable symbols


PWM1_GPIOB6_Handler 00000074

Symbol: PWM1_GPIOB6_Handler
   Definitions
      At line 325 in file ..\..\SWM190_StdPeriph_Driver\CSL\CMSIS\DeviceSupport
\startup\arm\startup_SWM190.s
   Uses
      At line 100 in file ..\..\SWM190_StdPeriph_Driver\CSL\CMSIS\DeviceSupport
\startup\arm\startup_SWM190.s
      At line 326 in file ..\..\SWM190_StdPeriph_Driver\CSL\CMSIS\DeviceSupport
\startup\arm\startup_SWM190.s

PWM2_SFC_Handler 00000078

Symbol: PWM2_SFC_Handler
   Definitions
      At line 335 in file ..\..\SWM190_StdPeriph_Driver\CSL\CMSIS\DeviceSupport
\startup\arm\startup_SWM190.s
   Uses
      At line 102 in file ..\..\SWM190_StdPeriph_Driver\CSL\CMSIS\DeviceSupport
\startup\arm\startup_SWM190.s
      At line 336 in file ..\..\SWM190_StdPeriph_Driver\CSL\CMSIS\DeviceSupport
\startup\arm\startup_SWM190.s

PWM3_CACHE_Handler 0000007A

Symbol: PWM3_CACHE_Handler
   Definitions
      At line 340 in file ..\..\SWM190_StdPeriph_Driver\CSL\CMSIS\DeviceSupport
\startup\arm\startup_SWM190.s
   Uses
      At line 103 in file ..\..\SWM190_StdPeriph_Driver\CSL\CMSIS\DeviceSupport
\startup\arm\startup_SWM190.s
      At line 341 in file ..\..\SWM190_StdPeriph_Driver\CSL\CMSIS\DeviceSupport
\startup\arm\startup_SWM190.s

PendSV_Handler 0000003C

Symbol: PendSV_Handler
   Definitions
      At line 185 in file ..\..\SWM190_StdPeriph_Driver\CSL\CMSIS\DeviceSupport
\startup\arm\startup_SWM190.s
   Uses
      At line 70 in file ..\..\SWM190_StdPeriph_Driver\CSL\CMSIS\DeviceSupport\
startup\arm\startup_SWM190.s
      At line 186 in file ..\..\SWM190_StdPeriph_Driver\CSL\CMSIS\DeviceSupport
\startup\arm\startup_SWM190.s

Reset_Handler 00000000

Symbol: Reset_Handler
   Definitions
      At line 133 in file ..\..\SWM190_StdPeriph_Driver\CSL\CMSIS\DeviceSupport
\startup\arm\startup_SWM190.s
   Uses
      At line 57 in file ..\..\SWM190_StdPeriph_Driver\CSL\CMSIS\DeviceSupport\
startup\arm\startup_SWM190.s
      At line 134 in file ..\..\SWM190_StdPeriph_Driver\CSL\CMSIS\DeviceSupport



ARM Macro Assembler    Page 6 Alphabetic symbol ordering
Relocatable symbols

\startup\arm\startup_SWM190.s

SPI0_Handler 00000048

Symbol: SPI0_Handler
   Definitions
      At line 215 in file ..\..\SWM190_StdPeriph_Driver\CSL\CMSIS\DeviceSupport
\startup\arm\startup_SWM190.s
   Uses
      At line 78 in file ..\..\SWM190_StdPeriph_Driver\CSL\CMSIS\DeviceSupport\
startup\arm\startup_SWM190.s
      At line 216 in file ..\..\SWM190_StdPeriph_Driver\CSL\CMSIS\DeviceSupport
\startup\arm\startup_SWM190.s

SPI1_BTIMR1_Handler 00000062

Symbol: SPI1_BTIMR1_Handler
   Definitions
      At line 280 in file ..\..\SWM190_StdPeriph_Driver\CSL\CMSIS\DeviceSupport
\startup\arm\startup_SWM190.s
   Uses
      At line 91 in file ..\..\SWM190_StdPeriph_Driver\CSL\CMSIS\DeviceSupport\
startup\arm\startup_SWM190.s
      At line 281 in file ..\..\SWM190_StdPeriph_Driver\CSL\CMSIS\DeviceSupport
\startup\arm\startup_SWM190.s

SVC_Handler 0000003A

Symbol: SVC_Handler
   Definitions
      At line 180 in file ..\..\SWM190_StdPeriph_Driver\CSL\CMSIS\DeviceSupport
\startup\arm\startup_SWM190.s
   Uses
      At line 67 in file ..\..\SWM190_StdPeriph_Driver\CSL\CMSIS\DeviceSupport\
startup\arm\startup_SWM190.s
      At line 181 in file ..\..\SWM190_StdPeriph_Driver\CSL\CMSIS\DeviceSupport
\startup\arm\startup_SWM190.s

SysTick_Handler 0000003E

Symbol: SysTick_Handler
   Definitions
      At line 190 in file ..\..\SWM190_StdPeriph_Driver\CSL\CMSIS\DeviceSupport
\startup\arm\startup_SWM190.s
   Uses
      At line 71 in file ..\..\SWM190_StdPeriph_Driver\CSL\CMSIS\DeviceSupport\
startup\arm\startup_SWM190.s
      At line 191 in file ..\..\SWM190_StdPeriph_Driver\CSL\CMSIS\DeviceSupport
\startup\arm\startup_SWM190.s

TIMR0_Handler 0000004A

Symbol: TIMR0_Handler
   Definitions
      At line 220 in file ..\..\SWM190_StdPeriph_Driver\CSL\CMSIS\DeviceSupport
\startup\arm\startup_SWM190.s
   Uses
      At line 79 in file ..\..\SWM190_StdPeriph_Driver\CSL\CMSIS\DeviceSupport\
startup\arm\startup_SWM190.s



ARM Macro Assembler    Page 7 Alphabetic symbol ordering
Relocatable symbols

      At line 221 in file ..\..\SWM190_StdPeriph_Driver\CSL\CMSIS\DeviceSupport
\startup\arm\startup_SWM190.s

TIMR1_Handler 00000054

Symbol: TIMR1_Handler
   Definitions
      At line 245 in file ..\..\SWM190_StdPeriph_Driver\CSL\CMSIS\DeviceSupport
\startup\arm\startup_SWM190.s
   Uses
      At line 84 in file ..\..\SWM190_StdPeriph_Driver\CSL\CMSIS\DeviceSupport\
startup\arm\startup_SWM190.s
      At line 246 in file ..\..\SWM190_StdPeriph_Driver\CSL\CMSIS\DeviceSupport
\startup\arm\startup_SWM190.s

TIMR2_GPIOA15_Handler 0000006E

Symbol: TIMR2_GPIOA15_Handler
   Definitions
      At line 310 in file ..\..\SWM190_StdPeriph_Driver\CSL\CMSIS\DeviceSupport
\startup\arm\startup_SWM190.s
   Uses
      At line 97 in file ..\..\SWM190_StdPeriph_Driver\CSL\CMSIS\DeviceSupport\
startup\arm\startup_SWM190.s
      At line 311 in file ..\..\SWM190_StdPeriph_Driver\CSL\CMSIS\DeviceSupport
\startup\arm\startup_SWM190.s

TIMR3_HALL_Handler 00000070

Symbol: TIMR3_HALL_Handler
   Definitions
      At line 315 in file ..\..\SWM190_StdPeriph_Driver\CSL\CMSIS\DeviceSupport
\startup\arm\startup_SWM190.s
   Uses
      At line 98 in file ..\..\SWM190_StdPeriph_Driver\CSL\CMSIS\DeviceSupport\
startup\arm\startup_SWM190.s
      At line 316 in file ..\..\SWM190_StdPeriph_Driver\CSL\CMSIS\DeviceSupport
\startup\arm\startup_SWM190.s

UART0_Handler 00000044

Symbol: UART0_Handler
   Definitions
      At line 205 in file ..\..\SWM190_StdPeriph_Driver\CSL\CMSIS\DeviceSupport
\startup\arm\startup_SWM190.s
   Uses
      At line 76 in file ..\..\SWM190_StdPeriph_Driver\CSL\CMSIS\DeviceSupport\
startup\arm\startup_SWM190.s
      At line 206 in file ..\..\SWM190_StdPeriph_Driver\CSL\CMSIS\DeviceSupport
\startup\arm\startup_SWM190.s

UART1_Handler 00000046

Symbol: UART1_Handler
   Definitions
      At line 210 in file ..\..\SWM190_StdPeriph_Driver\CSL\CMSIS\DeviceSupport
\startup\arm\startup_SWM190.s
   Uses
      At line 77 in file ..\..\SWM190_StdPeriph_Driver\CSL\CMSIS\DeviceSupport\



ARM Macro Assembler    Page 8 Alphabetic symbol ordering
Relocatable symbols

startup\arm\startup_SWM190.s
      At line 211 in file ..\..\SWM190_StdPeriph_Driver\CSL\CMSIS\DeviceSupport
\startup\arm\startup_SWM190.s

UART2_GPIOB4_Handler 0000006C

Symbol: UART2_GPIOB4_Handler
   Definitions
      At line 305 in file ..\..\SWM190_StdPeriph_Driver\CSL\CMSIS\DeviceSupport
\startup\arm\startup_SWM190.s
   Uses
      At line 96 in file ..\..\SWM190_StdPeriph_Driver\CSL\CMSIS\DeviceSupport\
startup\arm\startup_SWM190.s
      At line 306 in file ..\..\SWM190_StdPeriph_Driver\CSL\CMSIS\DeviceSupport
\startup\arm\startup_SWM190.s

UART3_GPIOB5_Handler 00000076

Symbol: UART3_GPIOB5_Handler
   Definitions
      At line 330 in file ..\..\SWM190_StdPeriph_Driver\CSL\CMSIS\DeviceSupport
\startup\arm\startup_SWM190.s
   Uses
      At line 101 in file ..\..\SWM190_StdPeriph_Driver\CSL\CMSIS\DeviceSupport
\startup\arm\startup_SWM190.s
      At line 331 in file ..\..\SWM190_StdPeriph_Driver\CSL\CMSIS\DeviceSupport
\startup\arm\startup_SWM190.s

WDT_Handler 00000056

Symbol: WDT_Handler
   Definitions
      At line 250 in file ..\..\SWM190_StdPeriph_Driver\CSL\CMSIS\DeviceSupport
\startup\arm\startup_SWM190.s
   Uses
      At line 85 in file ..\..\SWM190_StdPeriph_Driver\CSL\CMSIS\DeviceSupport\
startup\arm\startup_SWM190.s
      At line 251 in file ..\..\SWM190_StdPeriph_Driver\CSL\CMSIS\DeviceSupport
\startup\arm\startup_SWM190.s

XTAL_ACMP_Handler 0000006A

Symbol: XTAL_ACMP_Handler
   Definitions
      At line 300 in file ..\..\SWM190_StdPeriph_Driver\CSL\CMSIS\DeviceSupport
\startup\arm\startup_SWM190.s
   Uses
      At line 95 in file ..\..\SWM190_StdPeriph_Driver\CSL\CMSIS\DeviceSupport\
startup\arm\startup_SWM190.s
      At line 301 in file ..\..\SWM190_StdPeriph_Driver\CSL\CMSIS\DeviceSupport
\startup\arm\startup_SWM190.s

qspi_done 00000032

Symbol: qspi_done
   Definitions
      At line 161 in file ..\..\SWM190_StdPeriph_Driver\CSL\CMSIS\DeviceSupport
\startup\arm\startup_SWM190.s
   Uses



ARM Macro Assembler    Page 9 Alphabetic symbol ordering
Relocatable symbols

      At line 146 in file ..\..\SWM190_StdPeriph_Driver\CSL\CMSIS\DeviceSupport
\startup\arm\startup_SWM190.s
      At line 158 in file ..\..\SWM190_StdPeriph_Driver\CSL\CMSIS\DeviceSupport
\startup\arm\startup_SWM190.s

40 symbols



ARM Macro Assembler    Page 1 Alphabetic symbol ordering
Absolute symbols

Heap_Size 00000000

Symbol: Heap_Size
   Definitions
      At line 39 in file ..\..\SWM190_StdPeriph_Driver\CSL\CMSIS\DeviceSupport\
startup\arm\startup_SWM190.s
   Uses
      At line 43 in file ..\..\SWM190_StdPeriph_Driver\CSL\CMSIS\DeviceSupport\
startup\arm\startup_SWM190.s
Comment: Heap_Size used once
MEM_CONFIG 00000002

Symbol: MEM_CONFIG
   Definitions
      At line 27 in file ..\..\SWM190_StdPeriph_Driver\CSL\CMSIS\DeviceSupport\
startup\arm\startup_SWM190.s
   Uses
      At line 66 in file ..\..\SWM190_StdPeriph_Driver\CSL\CMSIS\DeviceSupport\
startup\arm\startup_SWM190.s
Comment: MEM_CONFIG used once
Stack_Size 00000400

Symbol: Stack_Size
   Definitions
      At line 31 in file ..\..\SWM190_StdPeriph_Driver\CSL\CMSIS\DeviceSupport\
startup\arm\startup_SWM190.s
   Uses
      At line 34 in file ..\..\SWM190_StdPeriph_Driver\CSL\CMSIS\DeviceSupport\
startup\arm\startup_SWM190.s
Comment: Stack_Size used once
__Vectors_Size 00000100

Symbol: __Vectors_Size
   Definitions
      At line 127 in file ..\..\SWM190_StdPeriph_Driver\CSL\CMSIS\DeviceSupport
\startup\arm\startup_SWM190.s
   Uses
      At line 54 in file ..\..\SWM190_StdPeriph_Driver\CSL\CMSIS\DeviceSupport\
startup\arm\startup_SWM190.s
Comment: __Vectors_Size used once
4 symbols



ARM Macro Assembler    Page 1 Alphabetic symbol ordering
External symbols

__main 00000000

Symbol: __main
   Definitions
      At line 135 in file ..\..\SWM190_StdPeriph_Driver\CSL\CMSIS\DeviceSupport
\startup\arm\startup_SWM190.s
   Uses
      At line 162 in file ..\..\SWM190_StdPeriph_Driver\CSL\CMSIS\DeviceSupport
\startup\arm\startup_SWM190.s
Comment: __main used once
1 symbol
390 symbols in table
